This is pdfTeX, Version 3.14159265-2.6-1.40.16 (TeX Live 2015) (preloaded format=pdflatex 2015.10.4)  25 MAY 2017 23:09
entering extended mode
 \write18 enabled.
 file:line:error style messages enabled.
 %&-line parsing enabled.
**rapport.tex
(./rapport.tex
LaTeX2e <2015/01/01>
Babel <3.9l> and hyphenation patterns for 79 languages loaded.
(/usr/local/texlive/2015/texmf-dist/tex/latex/base/article.cls
Document Class: article 2014/09/29 v1.4h Standard LaTeX document class
(/usr/local/texlive/2015/texmf-dist/tex/latex/base/size11.clo
File: size11.clo 2014/09/29 v1.4h Standard LaTeX file (size option)
)
\c@part=\count79
\c@section=\count80
\c@subsection=\count81
\c@subsubsection=\count82
\c@paragraph=\count83
\c@subparagraph=\count84
\c@figure=\count85
\c@table=\count86
\abovecaptionskip=\skip41
\belowcaptionskip=\skip42
\bibindent=\dimen102
)
(/usr/local/texlive/2015/texmf-dist/tex/latex/appendix/appendix.sty
Package: appendix 2009/09/02 v1.2b extra appendix facilities
\c@@pps=\count87
\c@@ppsavesec=\count88
\c@@ppsaveapp=\count89
)
(/usr/local/texlive/2015/texmf-dist/tex/latex/pgf/frontendlayer/tikz.sty
(/usr/local/texlive/2015/texmf-dist/tex/latex/pgf/basiclayer/pgf.sty
(/usr/local/texlive/2015/texmf-dist/tex/latex/pgf/utilities/pgfrcs.sty
(/usr/local/texlive/2015/texmf-dist/tex/generic/pgf/utilities/pgfutil-common.te
x
\pgfutil@everybye=\toks14
\pgfutil@tempdima=\dimen103
\pgfutil@tempdimb=\dimen104

(/usr/local/texlive/2015/texmf-dist/tex/generic/pgf/utilities/pgfutil-common-li
sts.tex))
(/usr/local/texlive/2015/texmf-dist/tex/generic/pgf/utilities/pgfutil-latex.def
\pgfutil@abb=\box26
(/usr/local/texlive/2015/texmf-dist/tex/latex/ms/everyshi.sty
Package: everyshi 2001/05/15 v3.00 EveryShipout Package (MS)
))
(/usr/local/texlive/2015/texmf-dist/tex/generic/pgf/utilities/pgfrcs.code.tex
Package: pgfrcs 2013/12/20 v3.0.0 (rcs-revision 1.28)
))
Package: pgf 2013/12/18 v3.0.0 (rcs-revision 1.14)
(/usr/local/texlive/2015/texmf-dist/tex/latex/pgf/basiclayer/pgfcore.sty
(/usr/local/texlive/2015/texmf-dist/tex/latex/graphics/graphicx.sty
Package: graphicx 2014/10/28 v1.0g Enhanced LaTeX Graphics (DPC,SPQR)

(/usr/local/texlive/2015/texmf-dist/tex/latex/graphics/keyval.sty
Package: keyval 2014/10/28 v1.15 key=value parser (DPC)
\KV@toks@=\toks15
)
(/usr/local/texlive/2015/texmf-dist/tex/latex/graphics/graphics.sty
Package: graphics 2014/10/28 v1.0p Standard LaTeX Graphics (DPC,SPQR)

(/usr/local/texlive/2015/texmf-dist/tex/latex/graphics/trig.sty
Package: trig 1999/03/16 v1.09 sin cos tan (DPC)
)
(/usr/local/texlive/2015/texmf-dist/tex/latex/latexconfig/graphics.cfg
File: graphics.cfg 2010/04/23 v1.9 graphics configuration of TeX Live
)
Package graphics Info: Driver file: pdftex.def on input line 94.

(/usr/local/texlive/2015/texmf-dist/tex/latex/pdftex-def/pdftex.def
File: pdftex.def 2011/05/27 v0.06d Graphics/color for pdfTeX

(/usr/local/texlive/2015/texmf-dist/tex/generic/oberdiek/infwarerr.sty
Package: infwarerr 2010/04/08 v1.3 Providing info/warning/error messages (HO)
)
(/usr/local/texlive/2015/texmf-dist/tex/generic/oberdiek/ltxcmds.sty
Package: ltxcmds 2011/11/09 v1.22 LaTeX kernel commands for general use (HO)
)
\Gread@gobject=\count90
))
\Gin@req@height=\dimen105
\Gin@req@width=\dimen106
)
(/usr/local/texlive/2015/texmf-dist/tex/latex/pgf/systemlayer/pgfsys.sty
(/usr/local/texlive/2015/texmf-dist/tex/generic/pgf/systemlayer/pgfsys.code.tex
Package: pgfsys 2013/11/30 v3.0.0 (rcs-revision 1.47)
(/usr/local/texlive/2015/texmf-dist/tex/generic/pgf/utilities/pgfkeys.code.tex
\pgfkeys@pathtoks=\toks16
\pgfkeys@temptoks=\toks17

(/usr/local/texlive/2015/texmf-dist/tex/generic/pgf/utilities/pgfkeysfiltered.c
ode.tex
\pgfkeys@tmptoks=\toks18
))
\pgf@x=\dimen107
\pgf@y=\dimen108
\pgf@xa=\dimen109
\pgf@ya=\dimen110
\pgf@xb=\dimen111
\pgf@yb=\dimen112
\pgf@xc=\dimen113
\pgf@yc=\dimen114
\w@pgf@writea=\write3
\r@pgf@reada=\read1
\c@pgf@counta=\count91
\c@pgf@countb=\count92
\c@pgf@countc=\count93
\c@pgf@countd=\count94
\t@pgf@toka=\toks19
\t@pgf@tokb=\toks20
\t@pgf@tokc=\toks21

(/usr/local/texlive/2015/texmf-dist/tex/generic/pgf/systemlayer/pgf.cfg
File: pgf.cfg 2008/05/14  (rcs-revision 1.7)
)
Driver file for pgf: pgfsys-pdftex.def

(/usr/local/texlive/2015/texmf-dist/tex/generic/pgf/systemlayer/pgfsys-pdftex.d
ef
File: pgfsys-pdftex.def 2013/07/18  (rcs-revision 1.33)

(/usr/local/texlive/2015/texmf-dist/tex/generic/pgf/systemlayer/pgfsys-common-p
df.def
File: pgfsys-common-pdf.def 2013/10/10  (rcs-revision 1.13)
)))
(/usr/local/texlive/2015/texmf-dist/tex/generic/pgf/systemlayer/pgfsyssoftpath.
code.tex
File: pgfsyssoftpath.code.tex 2013/09/09  (rcs-revision 1.9)
\pgfsyssoftpath@smallbuffer@items=\count95
\pgfsyssoftpath@bigbuffer@items=\count96
)
(/usr/local/texlive/2015/texmf-dist/tex/generic/pgf/systemlayer/pgfsysprotocol.
code.tex
File: pgfsysprotocol.code.tex 2006/10/16  (rcs-revision 1.4)
)) (/usr/local/texlive/2015/texmf-dist/tex/latex/xcolor/xcolor.sty
Package: xcolor 2007/01/21 v2.11 LaTeX color extensions (UK)

(/usr/local/texlive/2015/texmf-dist/tex/latex/latexconfig/color.cfg
File: color.cfg 2007/01/18 v1.5 color configuration of teTeX/TeXLive
)
Package xcolor Info: Driver file: pdftex.def on input line 225.
Package xcolor Info: Model `cmy' substituted by `cmy0' on input line 1337.
Package xcolor Info: Model `hsb' substituted by `rgb' on input line 1341.
Package xcolor Info: Model `RGB' extended on input line 1353.
Package xcolor Info: Model `HTML' substituted by `rgb' on input line 1355.
Package xcolor Info: Model `Hsb' substituted by `hsb' on input line 1356.
Package xcolor Info: Model `tHsb' substituted by `hsb' on input line 1357.
Package xcolor Info: Model `HSB' substituted by `hsb' on input line 1358.
Package xcolor Info: Model `Gray' substituted by `gray' on input line 1359.
Package xcolor Info: Model `wave' substituted by `hsb' on input line 1360.
)
(/usr/local/texlive/2015/texmf-dist/tex/generic/pgf/basiclayer/pgfcore.code.tex
Package: pgfcore 2010/04/11 v3.0.0 (rcs-revision 1.7)
(/usr/local/texlive/2015/texmf-dist/tex/generic/pgf/math/pgfmath.code.tex
(/usr/local/texlive/2015/texmf-dist/tex/generic/pgf/math/pgfmathcalc.code.tex
(/usr/local/texlive/2015/texmf-dist/tex/generic/pgf/math/pgfmathutil.code.tex)
(/usr/local/texlive/2015/texmf-dist/tex/generic/pgf/math/pgfmathparser.code.tex
\pgfmath@dimen=\dimen115
\pgfmath@count=\count97
\pgfmath@box=\box27
\pgfmath@toks=\toks22
\pgfmath@stack@operand=\toks23
\pgfmath@stack@operation=\toks24
)
(/usr/local/texlive/2015/texmf-dist/tex/generic/pgf/math/pgfmathfunctions.code.
tex
(/usr/local/texlive/2015/texmf-dist/tex/generic/pgf/math/pgfmathfunctions.basic
.code.tex)
(/usr/local/texlive/2015/texmf-dist/tex/generic/pgf/math/pgfmathfunctions.trigo
nometric.code.tex)
(/usr/local/texlive/2015/texmf-dist/tex/generic/pgf/math/pgfmathfunctions.rando
m.code.tex)
(/usr/local/texlive/2015/texmf-dist/tex/generic/pgf/math/pgfmathfunctions.compa
rison.code.tex)
(/usr/local/texlive/2015/texmf-dist/tex/generic/pgf/math/pgfmathfunctions.base.
code.tex)
(/usr/local/texlive/2015/texmf-dist/tex/generic/pgf/math/pgfmathfunctions.round
.code.tex)
(/usr/local/texlive/2015/texmf-dist/tex/generic/pgf/math/pgfmathfunctions.misc.
code.tex)
(/usr/local/texlive/2015/texmf-dist/tex/generic/pgf/math/pgfmathfunctions.integ
erarithmetics.code.tex)))
(/usr/local/texlive/2015/texmf-dist/tex/generic/pgf/math/pgfmathfloat.code.tex
\c@pgfmathroundto@lastzeros=\count98
))
(/usr/local/texlive/2015/texmf-dist/tex/generic/pgf/basiclayer/pgfcorepoints.co
de.tex
File: pgfcorepoints.code.tex 2013/10/07  (rcs-revision 1.27)
\pgf@picminx=\dimen116
\pgf@picmaxx=\dimen117
\pgf@picminy=\dimen118
\pgf@picmaxy=\dimen119
\pgf@pathminx=\dimen120
\pgf@pathmaxx=\dimen121
\pgf@pathminy=\dimen122
\pgf@pathmaxy=\dimen123
\pgf@xx=\dimen124
\pgf@xy=\dimen125
\pgf@yx=\dimen126
\pgf@yy=\dimen127
\pgf@zx=\dimen128
\pgf@zy=\dimen129
)
(/usr/local/texlive/2015/texmf-dist/tex/generic/pgf/basiclayer/pgfcorepathconst
ruct.code.tex
File: pgfcorepathconstruct.code.tex 2013/10/07  (rcs-revision 1.29)
\pgf@path@lastx=\dimen130
\pgf@path@lasty=\dimen131
)
(/usr/local/texlive/2015/texmf-dist/tex/generic/pgf/basiclayer/pgfcorepathusage
.code.tex
File: pgfcorepathusage.code.tex 2013/12/13  (rcs-revision 1.23)
\pgf@shorten@end@additional=\dimen132
\pgf@shorten@start@additional=\dimen133
)
(/usr/local/texlive/2015/texmf-dist/tex/generic/pgf/basiclayer/pgfcorescopes.co
de.tex
File: pgfcorescopes.code.tex 2013/10/09  (rcs-revision 1.44)
\pgfpic=\box28
\pgf@hbox=\box29
\pgf@layerbox@main=\box30
\pgf@picture@serial@count=\count99
)
(/usr/local/texlive/2015/texmf-dist/tex/generic/pgf/basiclayer/pgfcoregraphicst
ate.code.tex
File: pgfcoregraphicstate.code.tex 2013/09/19  (rcs-revision 1.11)
\pgflinewidth=\dimen134
)
(/usr/local/texlive/2015/texmf-dist/tex/generic/pgf/basiclayer/pgfcoretransform
ations.code.tex
File: pgfcoretransformations.code.tex 2013/10/10  (rcs-revision 1.17)
\pgf@pt@x=\dimen135
\pgf@pt@y=\dimen136
\pgf@pt@temp=\dimen137
)
(/usr/local/texlive/2015/texmf-dist/tex/generic/pgf/basiclayer/pgfcorequick.cod
e.tex
File: pgfcorequick.code.tex 2008/10/09  (rcs-revision 1.3)
)
(/usr/local/texlive/2015/texmf-dist/tex/generic/pgf/basiclayer/pgfcoreobjects.c
ode.tex
File: pgfcoreobjects.code.tex 2006/10/11  (rcs-revision 1.2)
)
(/usr/local/texlive/2015/texmf-dist/tex/generic/pgf/basiclayer/pgfcorepathproce
ssing.code.tex
File: pgfcorepathprocessing.code.tex 2013/09/09  (rcs-revision 1.9)
)
(/usr/local/texlive/2015/texmf-dist/tex/generic/pgf/basiclayer/pgfcorearrows.co
de.tex
File: pgfcorearrows.code.tex 2013/11/07  (rcs-revision 1.40)
\pgfarrowsep=\dimen138
)
(/usr/local/texlive/2015/texmf-dist/tex/generic/pgf/basiclayer/pgfcoreshade.cod
e.tex
File: pgfcoreshade.code.tex 2013/07/15  (rcs-revision 1.15)
\pgf@max=\dimen139
\pgf@sys@shading@range@num=\count100
)
(/usr/local/texlive/2015/texmf-dist/tex/generic/pgf/basiclayer/pgfcoreimage.cod
e.tex
File: pgfcoreimage.code.tex 2013/07/15  (rcs-revision 1.18)

(/usr/local/texlive/2015/texmf-dist/tex/generic/pgf/basiclayer/pgfcoreexternal.
code.tex
File: pgfcoreexternal.code.tex 2013/07/15  (rcs-revision 1.20)
\pgfexternal@startupbox=\box31
))
(/usr/local/texlive/2015/texmf-dist/tex/generic/pgf/basiclayer/pgfcorelayers.co
de.tex
File: pgfcorelayers.code.tex 2013/07/18  (rcs-revision 1.7)
)
(/usr/local/texlive/2015/texmf-dist/tex/generic/pgf/basiclayer/pgfcoretranspare
ncy.code.tex
File: pgfcoretransparency.code.tex 2013/09/30  (rcs-revision 1.5)
)
(/usr/local/texlive/2015/texmf-dist/tex/generic/pgf/basiclayer/pgfcorepatterns.
code.tex
File: pgfcorepatterns.code.tex 2013/11/07  (rcs-revision 1.5)
)))
(/usr/local/texlive/2015/texmf-dist/tex/generic/pgf/modules/pgfmoduleshapes.cod
e.tex
File: pgfmoduleshapes.code.tex 2013/10/31  (rcs-revision 1.34)
\pgfnodeparttextbox=\box32
)
(/usr/local/texlive/2015/texmf-dist/tex/generic/pgf/modules/pgfmoduleplot.code.
tex
File: pgfmoduleplot.code.tex 2013/07/31  (rcs-revision 1.12)
)
(/usr/local/texlive/2015/texmf-dist/tex/latex/pgf/compatibility/pgfcomp-version
-0-65.sty
Package: pgfcomp-version-0-65 2007/07/03 v3.0.0 (rcs-revision 1.7)
\pgf@nodesepstart=\dimen140
\pgf@nodesepend=\dimen141
)
(/usr/local/texlive/2015/texmf-dist/tex/latex/pgf/compatibility/pgfcomp-version
-1-18.sty
Package: pgfcomp-version-1-18 2007/07/23 v3.0.0 (rcs-revision 1.1)
))
(/usr/local/texlive/2015/texmf-dist/tex/latex/pgf/utilities/pgffor.sty
(/usr/local/texlive/2015/texmf-dist/tex/latex/pgf/utilities/pgfkeys.sty
(/usr/local/texlive/2015/texmf-dist/tex/generic/pgf/utilities/pgfkeys.code.tex)
) (/usr/local/texlive/2015/texmf-dist/tex/latex/pgf/math/pgfmath.sty
(/usr/local/texlive/2015/texmf-dist/tex/generic/pgf/math/pgfmath.code.tex))
(/usr/local/texlive/2015/texmf-dist/tex/generic/pgf/utilities/pgffor.code.tex
Package: pgffor 2013/12/13 v3.0.0 (rcs-revision 1.25)

(/usr/local/texlive/2015/texmf-dist/tex/generic/pgf/math/pgfmath.code.tex)
\pgffor@iter=\dimen142
\pgffor@skip=\dimen143
\pgffor@stack=\toks25
\pgffor@toks=\toks26
))
(/usr/local/texlive/2015/texmf-dist/tex/generic/pgf/frontendlayer/tikz/tikz.cod
e.tex
Package: tikz 2013/12/13 v3.0.0 (rcs-revision 1.142)

(/usr/local/texlive/2015/texmf-dist/tex/generic/pgf/libraries/pgflibraryplothan
dlers.code.tex
File: pgflibraryplothandlers.code.tex 2013/08/31 v3.0.0 (rcs-revision 1.20)
\pgf@plot@mark@count=\count101
\pgfplotmarksize=\dimen144
)
\tikz@lastx=\dimen145
\tikz@lasty=\dimen146
\tikz@lastxsaved=\dimen147
\tikz@lastysaved=\dimen148
\tikzleveldistance=\dimen149
\tikzsiblingdistance=\dimen150
\tikz@figbox=\box33
\tikz@figbox@bg=\box34
\tikz@tempbox=\box35
\tikz@tempbox@bg=\box36
\tikztreelevel=\count102
\tikznumberofchildren=\count103
\tikznumberofcurrentchild=\count104
\tikz@fig@count=\count105

(/usr/local/texlive/2015/texmf-dist/tex/generic/pgf/modules/pgfmodulematrix.cod
e.tex
File: pgfmodulematrix.code.tex 2013/09/17  (rcs-revision 1.8)
\pgfmatrixcurrentrow=\count106
\pgfmatrixcurrentcolumn=\count107
\pgf@matrix@numberofcolumns=\count108
)
\tikz@expandcount=\count109

(/usr/local/texlive/2015/texmf-dist/tex/generic/pgf/frontendlayer/tikz/librarie
s/tikzlibrarytopaths.code.tex
File: tikzlibrarytopaths.code.tex 2008/06/17 v3.0.0 (rcs-revision 1.2)
)))
(/usr/local/texlive/2015/texmf-dist/tex/generic/pgf/frontendlayer/tikz/librarie
s/tikzlibrarymatrix.code.tex
File: tikzlibrarymatrix.code.tex 2013/07/12 v3.0.0 (rcs-revision 1.4)
)
(/usr/local/texlive/2015/texmf-dist/tex/generic/pgf/frontendlayer/tikz/librarie
s/tikzlibrarychains.code.tex
File: tikzlibrarychains.code.tex 2013/07/15 v3.0.0 (rcs-revision 1.6)

(/usr/local/texlive/2015/texmf-dist/tex/generic/pgf/frontendlayer/tikz/librarie
s/tikzlibrarypositioning.code.tex
File: tikzlibrarypositioning.code.tex 2008/10/06 v3.0.0 (rcs-revision 1.7)
))
(/usr/local/texlive/2015/texmf-dist/tex/generic/pgf/frontendlayer/tikz/librarie
s/tikzlibrarydecorations.pathreplacing.code.tex
(/usr/local/texlive/2015/texmf-dist/tex/generic/pgf/frontendlayer/tikz/librarie
s/tikzlibrarydecorations.code.tex
(/usr/local/texlive/2015/texmf-dist/tex/generic/pgf/modules/pgfmoduledecoration
s.code.tex
\pgfdecoratedcompleteddistance=\dimen151
\pgfdecoratedremainingdistance=\dimen152
\pgfdecoratedinputsegmentcompleteddistance=\dimen153
\pgfdecoratedinputsegmentremainingdistance=\dimen154
\pgf@decorate@distancetomove=\dimen155
\pgf@decorate@repeatstate=\count110
\pgfdecorationsegmentamplitude=\dimen156
\pgfdecorationsegmentlength=\dimen157
)
\tikz@lib@dec@box=\box37
)
(/usr/local/texlive/2015/texmf-dist/tex/generic/pgf/libraries/decorations/pgfli
brarydecorations.pathreplacing.code.tex))
(/usr/local/texlive/2015/texmf-dist/tex/generic/pgf/frontendlayer/tikz/librarie
s/tikzlibraryarrows.code.tex
File: tikzlibraryarrows.code.tex 2008/01/09 v3.0.0 (rcs-revision 1.1)

(/usr/local/texlive/2015/texmf-dist/tex/generic/pgf/libraries/pgflibraryarrows.
code.tex
File: pgflibraryarrows.code.tex 2013/09/23 v3.0.0 (rcs-revision 1.16)
\arrowsize=\dimen158
))
(/usr/local/texlive/2015/texmf-dist/tex/latex/tocbibind/tocbibind.sty
Package: tocbibind 2010/10/13 v1.5k extra ToC listings
Package tocbibind Info: The document has section divisions on input line 50.


Package tocbibind Note: Using section or other style headings.

) (/usr/local/texlive/2015/texmf-dist/tex/latex/listings/listings.sty
\lst@mode=\count111
\lst@gtempboxa=\box38
\lst@token=\toks27
\lst@length=\count112
\lst@currlwidth=\dimen159
\lst@column=\count113
\lst@pos=\count114
\lst@lostspace=\dimen160
\lst@width=\dimen161
\lst@newlines=\count115
\lst@lineno=\count116
\lst@maxwidth=\dimen162

(/usr/local/texlive/2015/texmf-dist/tex/latex/listings/lstmisc.sty
File: lstmisc.sty 2014/09/06 1.5e (Carsten Heinz)
\c@lstnumber=\count117
\lst@skipnumbers=\count118
\lst@framebox=\box39
)
(/usr/local/texlive/2015/texmf-dist/tex/latex/listings/listings.cfg
File: listings.cfg 2014/09/06 1.5e listings configuration
))
Package: listings 2014/09/06 1.5e (Carsten Heinz)

(/usr/local/texlive/2015/texmf-dist/tex/latex/subfig/subfig.sty
Package: subfig 2005/06/28 ver: 1.3 subfig package

(/usr/local/texlive/2015/texmf-dist/tex/latex/caption/caption.sty
Package: caption 2013/05/02 v3.3-89 Customizing captions (AR)

(/usr/local/texlive/2015/texmf-dist/tex/latex/caption/caption3.sty
Package: caption3 2013/05/02 v1.6-88 caption3 kernel (AR)
Package caption3 Info: TeX engine: e-TeX on input line 57.
\captionmargin=\dimen163
\captionmargin@=\dimen164
\captionwidth=\dimen165
\caption@tempdima=\dimen166
\caption@indent=\dimen167
\caption@parindent=\dimen168
\caption@hangindent=\dimen169
)
\c@ContinuedFloat=\count119
Package caption Info: listings package is loaded.
)
\c@KVtest=\count120
\sf@farskip=\skip43
\sf@captopadj=\dimen170
\sf@capskip=\skip44
\sf@nearskip=\skip45
\c@subfigure=\count121
\c@subfigure@save=\count122
\c@lofdepth=\count123
\c@subtable=\count124
\c@subtable@save=\count125
\c@lotdepth=\count126
\sf@top=\skip46
\sf@bottom=\skip47
)
(/usr/local/texlive/2015/texmf-dist/tex/latex/amsmath/amsmath.sty
Package: amsmath 2013/01/14 v2.14 AMS math features
\@mathmargin=\skip48

For additional information on amsmath, use the `?' option.
(/usr/local/texlive/2015/texmf-dist/tex/latex/amsmath/amstext.sty
Package: amstext 2000/06/29 v2.01

(/usr/local/texlive/2015/texmf-dist/tex/latex/amsmath/amsgen.sty
File: amsgen.sty 1999/11/30 v2.0
\@emptytoks=\toks28
\ex@=\dimen171
))
(/usr/local/texlive/2015/texmf-dist/tex/latex/amsmath/amsbsy.sty
Package: amsbsy 1999/11/29 v1.2d
\pmbraise@=\dimen172
)
(/usr/local/texlive/2015/texmf-dist/tex/latex/amsmath/amsopn.sty
Package: amsopn 1999/12/14 v2.01 operator names
)
\inf@bad=\count127
LaTeX Info: Redefining \frac on input line 210.
\uproot@=\count128
\leftroot@=\count129
LaTeX Info: Redefining \overline on input line 306.
\classnum@=\count130
\DOTSCASE@=\count131
LaTeX Info: Redefining \ldots on input line 378.
LaTeX Info: Redefining \dots on input line 381.
LaTeX Info: Redefining \cdots on input line 466.
\Mathstrutbox@=\box40
\strutbox@=\box41
\big@size=\dimen173
LaTeX Font Info:    Redeclaring font encoding OML on input line 566.
LaTeX Font Info:    Redeclaring font encoding OMS on input line 567.
\macc@depth=\count132
\c@MaxMatrixCols=\count133
\dotsspace@=\muskip10
\c@parentequation=\count134
\dspbrk@lvl=\count135
\tag@help=\toks29
\row@=\count136
\column@=\count137
\maxfields@=\count138
\andhelp@=\toks30
\eqnshift@=\dimen174
\alignsep@=\dimen175
\tagshift@=\dimen176
\tagwidth@=\dimen177
\totwidth@=\dimen178
\lineht@=\dimen179
\@envbody=\toks31
\multlinegap=\skip49
\multlinetaggap=\skip50
\mathdisplay@stack=\toks32
LaTeX Info: Redefining \[ on input line 2665.
LaTeX Info: Redefining \] on input line 2666.
)
(/usr/local/texlive/2015/texmf-dist/tex/latex/amsfonts/amssymb.sty
Package: amssymb 2013/01/14 v3.01 AMS font symbols

(/usr/local/texlive/2015/texmf-dist/tex/latex/amsfonts/amsfonts.sty
Package: amsfonts 2013/01/14 v3.01 Basic AMSFonts support
\symAMSa=\mathgroup4
\symAMSb=\mathgroup5
LaTeX Font Info:    Overwriting math alphabet `\mathfrak' in version `bold'
(Font)                  U/euf/m/n --> U/euf/b/n on input line 106.
))
(/usr/local/texlive/2015/texmf-dist/tex/latex/pdfpages/pdfpages.sty
Package: pdfpages 2015/05/11 v0.4x Insert pages of external PDF documents (AM)

(/usr/local/texlive/2015/texmf-dist/tex/latex/base/ifthen.sty
Package: ifthen 2014/09/29 v1.1c Standard LaTeX ifthen package (DPC)
)
(/usr/local/texlive/2015/texmf-dist/tex/latex/tools/calc.sty
Package: calc 2014/10/28 v4.3 Infix arithmetic (KKT,FJ)
\calc@Acount=\count139
\calc@Bcount=\count140
\calc@Adimen=\dimen180
\calc@Bdimen=\dimen181
\calc@Askip=\skip51
\calc@Bskip=\skip52
LaTeX Info: Redefining \setlength on input line 80.
LaTeX Info: Redefining \addtolength on input line 81.
\calc@Ccount=\count141
\calc@Cskip=\skip53
)
(/usr/local/texlive/2015/texmf-dist/tex/latex/eso-pic/eso-pic.sty
Package: eso-pic 2015/04/20 v2.0e eso-pic (RN)

(/usr/local/texlive/2015/texmf-dist/tex/generic/oberdiek/atbegshi.sty
Package: atbegshi 2011/10/05 v1.16 At begin shipout hook (HO)

(/usr/local/texlive/2015/texmf-dist/tex/generic/oberdiek/ifpdf.sty
Package: ifpdf 2011/01/30 v2.3 Provides the ifpdf switch (HO)
Package ifpdf Info: pdfTeX in PDF mode is detected.
)))
\AM@pagewidth=\dimen182
\AM@pageheight=\dimen183

(/usr/local/texlive/2015/texmf-dist/tex/latex/pdfpages/pppdftex.def
File: pppdftex.def 2015/05/11 v0.4x Pdfpages driver for pdfTeX (AM)
)
\AM@pagebox=\box42
\AM@toc@title=\toks33
\c@AM@survey=\count142
\AM@templatesizebox=\box43
)
(/usr/local/texlive/2015/texmf-dist/tex/latex/base/inputenc.sty
Package: inputenc 2015/03/17 v1.2c Input encoding file
\inpenc@prehook=\toks34
\inpenc@posthook=\toks35

(/usr/local/texlive/2015/texmf-dist/tex/latex/base/utf8.def
File: utf8.def 2014/09/29 v1.1m UTF-8 support for inputenc
Now handling font encoding OML ...
... no UTF-8 mapping file for font encoding OML
Now handling font encoding T1 ...
... processing UTF-8 mapping file for font encoding T1

(/usr/local/texlive/2015/texmf-dist/tex/latex/base/t1enc.dfu
File: t1enc.dfu 2014/09/29 v1.1m UTF-8 support for inputenc
   defining Unicode char U+00A1 (decimal 161)
   defining Unicode char U+00A3 (decimal 163)
   defining Unicode char U+00AB (decimal 171)
   defining Unicode char U+00BB (decimal 187)
   defining Unicode char U+00BF (decimal 191)
   defining Unicode char U+00C0 (decimal 192)
   defining Unicode char U+00C1 (decimal 193)
   defining Unicode char U+00C2 (decimal 194)
   defining Unicode char U+00C3 (decimal 195)
   defining Unicode char U+00C4 (decimal 196)
   defining Unicode char U+00C5 (decimal 197)
   defining Unicode char U+00C6 (decimal 198)
   defining Unicode char U+00C7 (decimal 199)
   defining Unicode char U+00C8 (decimal 200)
   defining Unicode char U+00C9 (decimal 201)
   defining Unicode char U+00CA (decimal 202)
   defining Unicode char U+00CB (decimal 203)
   defining Unicode char U+00CC (decimal 204)
   defining Unicode char U+00CD (decimal 205)
   defining Unicode char U+00CE (decimal 206)
   defining Unicode char U+00CF (decimal 207)
   defining Unicode char U+00D0 (decimal 208)
   defining Unicode char U+00D1 (decimal 209)
   defining Unicode char U+00D2 (decimal 210)
   defining Unicode char U+00D3 (decimal 211)
   defining Unicode char U+00D4 (decimal 212)
   defining Unicode char U+00D5 (decimal 213)
   defining Unicode char U+00D6 (decimal 214)
   defining Unicode char U+00D8 (decimal 216)
   defining Unicode char U+00D9 (decimal 217)
   defining Unicode char U+00DA (decimal 218)
   defining Unicode char U+00DB (decimal 219)
   defining Unicode char U+00DC (decimal 220)
   defining Unicode char U+00DD (decimal 221)
   defining Unicode char U+00DE (decimal 222)
   defining Unicode char U+00DF (decimal 223)
   defining Unicode char U+00E0 (decimal 224)
   defining Unicode char U+00E1 (decimal 225)
   defining Unicode char U+00E2 (decimal 226)
   defining Unicode char U+00E3 (decimal 227)
   defining Unicode char U+00E4 (decimal 228)
   defining Unicode char U+00E5 (decimal 229)
   defining Unicode char U+00E6 (decimal 230)
   defining Unicode char U+00E7 (decimal 231)
   defining Unicode char U+00E8 (decimal 232)
   defining Unicode char U+00E9 (decimal 233)
   defining Unicode char U+00EA (decimal 234)
   defining Unicode char U+00EB (decimal 235)
   defining Unicode char U+00EC (decimal 236)
   defining Unicode char U+00ED (decimal 237)
   defining Unicode char U+00EE (decimal 238)
   defining Unicode char U+00EF (decimal 239)
   defining Unicode char U+00F0 (decimal 240)
   defining Unicode char U+00F1 (decimal 241)
   defining Unicode char U+00F2 (decimal 242)
   defining Unicode char U+00F3 (decimal 243)
   defining Unicode char U+00F4 (decimal 244)
   defining Unicode char U+00F5 (decimal 245)
   defining Unicode char U+00F6 (decimal 246)
   defining Unicode char U+00F8 (decimal 248)
   defining Unicode char U+00F9 (decimal 249)
   defining Unicode char U+00FA (decimal 250)
   defining Unicode char U+00FB (decimal 251)
   defining Unicode char U+00FC (decimal 252)
   defining Unicode char U+00FD (decimal 253)
   defining Unicode char U+00FE (decimal 254)
   defining Unicode char U+00FF (decimal 255)
   defining Unicode char U+0102 (decimal 258)
   defining Unicode char U+0103 (decimal 259)
   defining Unicode char U+0104 (decimal 260)
   defining Unicode char U+0105 (decimal 261)
   defining Unicode char U+0106 (decimal 262)
   defining Unicode char U+0107 (decimal 263)
   defining Unicode char U+010C (decimal 268)
   defining Unicode char U+010D (decimal 269)
   defining Unicode char U+010E (decimal 270)
   defining Unicode char U+010F (decimal 271)
   defining Unicode char U+0110 (decimal 272)
   defining Unicode char U+0111 (decimal 273)
   defining Unicode char U+0118 (decimal 280)
   defining Unicode char U+0119 (decimal 281)
   defining Unicode char U+011A (decimal 282)
   defining Unicode char U+011B (decimal 283)
   defining Unicode char U+011E (decimal 286)
   defining Unicode char U+011F (decimal 287)
   defining Unicode char U+0130 (decimal 304)
   defining Unicode char U+0131 (decimal 305)
   defining Unicode char U+0132 (decimal 306)
   defining Unicode char U+0133 (decimal 307)
   defining Unicode char U+0139 (decimal 313)
   defining Unicode char U+013A (decimal 314)
   defining Unicode char U+013D (decimal 317)
   defining Unicode char U+013E (decimal 318)
   defining Unicode char U+0141 (decimal 321)
   defining Unicode char U+0142 (decimal 322)
   defining Unicode char U+0143 (decimal 323)
   defining Unicode char U+0144 (decimal 324)
   defining Unicode char U+0147 (decimal 327)
   defining Unicode char U+0148 (decimal 328)
   defining Unicode char U+014A (decimal 330)
   defining Unicode char U+014B (decimal 331)
   defining Unicode char U+0150 (decimal 336)
   defining Unicode char U+0151 (decimal 337)
   defining Unicode char U+0152 (decimal 338)
   defining Unicode char U+0153 (decimal 339)
   defining Unicode char U+0154 (decimal 340)
   defining Unicode char U+0155 (decimal 341)
   defining Unicode char U+0158 (decimal 344)
   defining Unicode char U+0159 (decimal 345)
   defining Unicode char U+015A (decimal 346)
   defining Unicode char U+015B (decimal 347)
   defining Unicode char U+015E (decimal 350)
   defining Unicode char U+015F (decimal 351)
   defining Unicode char U+0160 (decimal 352)
   defining Unicode char U+0161 (decimal 353)
   defining Unicode char U+0162 (decimal 354)
   defining Unicode char U+0163 (decimal 355)
   defining Unicode char U+0164 (decimal 356)
   defining Unicode char U+0165 (decimal 357)
   defining Unicode char U+016E (decimal 366)
   defining Unicode char U+016F (decimal 367)
   defining Unicode char U+0170 (decimal 368)
   defining Unicode char U+0171 (decimal 369)
   defining Unicode char U+0178 (decimal 376)
   defining Unicode char U+0179 (decimal 377)
   defining Unicode char U+017A (decimal 378)
   defining Unicode char U+017B (decimal 379)
   defining Unicode char U+017C (decimal 380)
   defining Unicode char U+017D (decimal 381)
   defining Unicode char U+017E (decimal 382)
   defining Unicode char U+200C (decimal 8204)
   defining Unicode char U+2013 (decimal 8211)
   defining Unicode char U+2014 (decimal 8212)
   defining Unicode char U+2018 (decimal 8216)
   defining Unicode char U+2019 (decimal 8217)
   defining Unicode char U+201A (decimal 8218)
   defining Unicode char U+201C (decimal 8220)
   defining Unicode char U+201D (decimal 8221)
   defining Unicode char U+201E (decimal 8222)
   defining Unicode char U+2030 (decimal 8240)
   defining Unicode char U+2031 (decimal 8241)
   defining Unicode char U+2039 (decimal 8249)
   defining Unicode char U+203A (decimal 8250)
   defining Unicode char U+2423 (decimal 9251)
)
Now handling font encoding OT1 ...
... processing UTF-8 mapping file for font encoding OT1

(/usr/local/texlive/2015/texmf-dist/tex/latex/base/ot1enc.dfu
File: ot1enc.dfu 2014/09/29 v1.1m UTF-8 support for inputenc
   defining Unicode char U+00A1 (decimal 161)
   defining Unicode char U+00A3 (decimal 163)
   defining Unicode char U+00B8 (decimal 184)
   defining Unicode char U+00BF (decimal 191)
   defining Unicode char U+00C5 (decimal 197)
   defining Unicode char U+00C6 (decimal 198)
   defining Unicode char U+00D8 (decimal 216)
   defining Unicode char U+00DF (decimal 223)
   defining Unicode char U+00E6 (decimal 230)
   defining Unicode char U+00EC (decimal 236)
   defining Unicode char U+00ED (decimal 237)
   defining Unicode char U+00EE (decimal 238)
   defining Unicode char U+00EF (decimal 239)
   defining Unicode char U+00F8 (decimal 248)
   defining Unicode char U+0131 (decimal 305)
   defining Unicode char U+0141 (decimal 321)
   defining Unicode char U+0142 (decimal 322)
   defining Unicode char U+0152 (decimal 338)
   defining Unicode char U+0153 (decimal 339)
   defining Unicode char U+2013 (decimal 8211)
   defining Unicode char U+2014 (decimal 8212)
   defining Unicode char U+2018 (decimal 8216)
   defining Unicode char U+2019 (decimal 8217)
   defining Unicode char U+201C (decimal 8220)
   defining Unicode char U+201D (decimal 8221)
)
Now handling font encoding OMS ...
... processing UTF-8 mapping file for font encoding OMS

(/usr/local/texlive/2015/texmf-dist/tex/latex/base/omsenc.dfu
File: omsenc.dfu 2014/09/29 v1.1m UTF-8 support for inputenc
   defining Unicode char U+00A7 (decimal 167)
   defining Unicode char U+00B6 (decimal 182)
   defining Unicode char U+00B7 (decimal 183)
   defining Unicode char U+2020 (decimal 8224)
   defining Unicode char U+2021 (decimal 8225)
   defining Unicode char U+2022 (decimal 8226)
)
Now handling font encoding OMX ...
... no UTF-8 mapping file for font encoding OMX
Now handling font encoding U ...
... no UTF-8 mapping file for font encoding U
   defining Unicode char U+00A9 (decimal 169)
   defining Unicode char U+00AA (decimal 170)
   defining Unicode char U+00AE (decimal 174)
   defining Unicode char U+00BA (decimal 186)
   defining Unicode char U+02C6 (decimal 710)
   defining Unicode char U+02DC (decimal 732)
   defining Unicode char U+200C (decimal 8204)
   defining Unicode char U+2026 (decimal 8230)
   defining Unicode char U+2122 (decimal 8482)
   defining Unicode char U+2423 (decimal 9251)
))
(/usr/local/texlive/2015/texmf-dist/tex/latex/base/fontenc.sty
Package: fontenc 2005/09/27 v1.99g Standard LaTeX package

(/usr/local/texlive/2015/texmf-dist/tex/latex/base/t1enc.def
File: t1enc.def 2005/09/27 v1.99g Standard LaTeX file
LaTeX Font Info:    Redeclaring font encoding T1 on input line 48.
))
(/usr/local/texlive/2015/texmf-dist/tex/generic/babel/babel.sty
Package: babel 2014/09/25 3.9l The Babel package

(/usr/local/texlive/2015/texmf-dist/tex/generic/babel-french/frenchb.ldf
Language: frenchb 2015/04/10 v3.1e French support from the babel system

(/usr/local/texlive/2015/texmf-dist/tex/generic/babel/babel.def
File: babel.def 2014/09/25 3.9l Babel common definitions
\babel@savecnt=\count143
\U@D=\dimen184
)
\l@acadian = a dialect from \language\l@french 
\l@canadien = a dialect from \language\l@french 
\FBcolonskip=\skip54
\FBthinskip=\skip55
\FB@interchartokenstateORI=\count144
Package babel Info: Making : an active character on input line 371.
Package babel Info: Making ; an active character on input line 372.
Package babel Info: Making ! an active character on input line 373.
Package babel Info: Making ? an active character on input line 374.
\FBguillskip=\skip56
\FBguill@level=\count145
\FB@Mht=\dimen185
\std@mcc=\count146
\dec@mcc=\count147


Package frenchb.ldf Warning: Please load the "caption" package
(frenchb.ldf)                AFTER babel/frenchb; reported on input line 903.


Package frenchb.ldf Warning: Please load the "listings" package
(frenchb.ldf)                AFTER babel/frenchb; reported on input line 955.

\listindentFB=\skip57
\labelwidthFB=\skip58
\leftmarginFB=\skip59
\parindentFFN=\dimen186
)) (/usr/local/texlive/2015/texmf-dist/tex/latex/carlisle/scalefnt.sty)
(/usr/local/texlive/2015/texmf-dist/tex/latex/tools/tabularx.sty
Package: tabularx 2014/10/28 v2.10 `tabularx' package (DPC)

(/usr/local/texlive/2015/texmf-dist/tex/latex/tools/array.sty
Package: array 2014/10/28 v2.4c Tabular extension package (FMi)
\col@sep=\dimen187
\extrarowheight=\dimen188
\NC@list=\toks36
\extratabsurround=\skip60
\backup@length=\skip61
)
\TX@col@width=\dimen189
\TX@old@table=\dimen190
\TX@old@col=\dimen191
\TX@target=\dimen192
\TX@delta=\dimen193
\TX@cols=\count148
\TX@ftn=\toks37
)
(/usr/local/texlive/2015/texmf-dist/tex/latex/psfrag/psfrag.sty
Package: psfrag 1998/04/11 v3.04 PSfrag (MCG)
\pfg@pcount=\count149
\pfg@scount=\count150
\pfg@temp=\write4
) (./sistyle.sty
Package: sistyle 2008/07/16 v2.3a SI units and numbers (DNJ Els)
\ttoks@A=\toks38
\ttoks@B=\toks39
) (/usr/local/texlive/2015/texmf-dist/tex/latex/eurosym/eurosym.sty
Package: eurosym 1998/08/06 v1.1 European currency symbol ``Euro''
\@eurobox=\box44
)
(/usr/local/texlive/2015/texmf-dist/tex/latex/hyperref/hyperref.sty
Package: hyperref 2012/11/06 v6.83m Hypertext links for LaTeX

(/usr/local/texlive/2015/texmf-dist/tex/generic/oberdiek/hobsub-hyperref.sty
Package: hobsub-hyperref 2012/05/28 v1.13 Bundle oberdiek, subset hyperref (HO)


(/usr/local/texlive/2015/texmf-dist/tex/generic/oberdiek/hobsub-generic.sty
Package: hobsub-generic 2012/05/28 v1.13 Bundle oberdiek, subset generic (HO)
Package: hobsub 2012/05/28 v1.13 Construct package bundles (HO)
Package hobsub Info: Skipping package `infwarerr' (already loaded).
Package hobsub Info: Skipping package `ltxcmds' (already loaded).
Package: ifluatex 2010/03/01 v1.3 Provides the ifluatex switch (HO)
Package ifluatex Info: LuaTeX not detected.
Package: ifvtex 2010/03/01 v1.5 Detect VTeX and its facilities (HO)
Package ifvtex Info: VTeX not detected.
Package: intcalc 2007/09/27 v1.1 Expandable calculations with integers (HO)
Package hobsub Info: Skipping package `ifpdf' (already loaded).
Package: etexcmds 2011/02/16 v1.5 Avoid name clashes with e-TeX commands (HO)
Package etexcmds Info: Could not find \expanded.
(etexcmds)             That can mean that you are not using pdfTeX 1.50 or
(etexcmds)             that some package has redefined \expanded.
(etexcmds)             In the latter case, load this package earlier.
Package: kvsetkeys 2012/04/25 v1.16 Key value parser (HO)
Package: kvdefinekeys 2011/04/07 v1.3 Define keys (HO)
Package: pdftexcmds 2011/11/29 v0.20 Utility functions of pdfTeX for LuaTeX (HO
)
Package pdftexcmds Info: LuaTeX not detected.
Package pdftexcmds Info: \pdf@primitive is available.
Package pdftexcmds Info: \pdf@ifprimitive is available.
Package pdftexcmds Info: \pdfdraftmode found.
Package: pdfescape 2011/11/25 v1.13 Implements pdfTeX's escape features (HO)
Package: bigintcalc 2012/04/08 v1.3 Expandable calculations on big integers (HO
)
Package: bitset 2011/01/30 v1.1 Handle bit-vector datatype (HO)
Package: uniquecounter 2011/01/30 v1.2 Provide unlimited unique counter (HO)
)
Package hobsub Info: Skipping package `hobsub' (already loaded).
Package: letltxmacro 2010/09/02 v1.4 Let assignment for LaTeX macros (HO)
Package: hopatch 2012/05/28 v1.2 Wrapper for package hooks (HO)
Package: xcolor-patch 2011/01/30 xcolor patch
Package: atveryend 2011/06/30 v1.8 Hooks at the very end of document (HO)
Package atveryend Info: \enddocument detected (standard20110627).
Package hobsub Info: Skipping package `atbegshi' (already loaded).
Package: refcount 2011/10/16 v3.4 Data extraction from label references (HO)
Package: hycolor 2011/01/30 v1.7 Color options for hyperref/bookmark (HO)
)
(/usr/local/texlive/2015/texmf-dist/tex/generic/ifxetex/ifxetex.sty
Package: ifxetex 2010/09/12 v0.6 Provides ifxetex conditional
)
(/usr/local/texlive/2015/texmf-dist/tex/latex/oberdiek/auxhook.sty
Package: auxhook 2011/03/04 v1.3 Hooks for auxiliary files (HO)
)
(/usr/local/texlive/2015/texmf-dist/tex/latex/oberdiek/kvoptions.sty
Package: kvoptions 2011/06/30 v3.11 Key value format for package options (HO)
)
\@linkdim=\dimen194
\Hy@linkcounter=\count151
\Hy@pagecounter=\count152

(/usr/local/texlive/2015/texmf-dist/tex/latex/hyperref/pd1enc.def
File: pd1enc.def 2012/11/06 v6.83m Hyperref: PDFDocEncoding definition (HO)
Now handling font encoding PD1 ...
... no UTF-8 mapping file for font encoding PD1
)
\Hy@SavedSpaceFactor=\count153

(/usr/local/texlive/2015/texmf-dist/tex/latex/latexconfig/hyperref.cfg
File: hyperref.cfg 2002/06/06 v1.2 hyperref configuration of TeXLive
)
Package hyperref Info: Option `colorlinks' set `true' on input line 4319.
Package hyperref Info: Option `hyperindex' set `true' on input line 4319.
Package hyperref Info: Option `hyperfigures' set `false' on input line 4319.
Package hyperref Info: Hyper figures OFF on input line 4443.
Package hyperref Info: Link nesting OFF on input line 4448.
Package hyperref Info: Hyper index ON on input line 4451.
Package hyperref Info: Plain pages OFF on input line 4458.
Package hyperref Info: Backreferencing OFF on input line 4463.
Package hyperref Info: Implicit mode ON; LaTeX internals redefined.
Package hyperref Info: Bookmarks ON on input line 4688.
\c@Hy@tempcnt=\count154

(/usr/local/texlive/2015/texmf-dist/tex/latex/url/url.sty
\Urlmuskip=\muskip11
Package: url 2013/09/16  ver 3.4  Verb mode for urls, etc.
)
LaTeX Info: Redefining \url on input line 5041.
\XeTeXLinkMargin=\dimen195
\Fld@menulength=\count155
\Field@Width=\dimen196
\Fld@charsize=\dimen197
Package hyperref Info: Hyper figures OFF on input line 6295.
Package hyperref Info: Link nesting OFF on input line 6300.
Package hyperref Info: Hyper index ON on input line 6303.
Package hyperref Info: backreferencing OFF on input line 6310.
Package hyperref Info: Link coloring ON on input line 6313.
Package hyperref Info: Link coloring with OCG OFF on input line 6320.
Package hyperref Info: PDF/A mode OFF on input line 6325.
LaTeX Info: Redefining \ref on input line 6365.
LaTeX Info: Redefining \pageref on input line 6369.
\Hy@abspage=\count156
\c@Item=\count157
\c@Hfootnote=\count158
)

Package hyperref Message: Driver: hpdftex.

(/usr/local/texlive/2015/texmf-dist/tex/latex/hyperref/hpdftex.def
File: hpdftex.def 2012/11/06 v6.83m Hyperref driver for pdfTeX
\Fld@listcount=\count159
\c@bookmark@seq@number=\count160

(/usr/local/texlive/2015/texmf-dist/tex/latex/oberdiek/rerunfilecheck.sty
Package: rerunfilecheck 2011/04/15 v1.7 Rerun checks for auxiliary files (HO)
Package uniquecounter Info: New unique counter `rerunfilecheck' on input line 2
82.
)
\Hy@SectionHShift=\skip62
)
(/usr/local/texlive/2015/texmf-dist/tex/latex/fancyhdr/fancyhdr.sty
\fancy@headwidth=\skip63
\f@ncyO@elh=\skip64
\f@ncyO@erh=\skip65
\f@ncyO@olh=\skip66
\f@ncyO@orh=\skip67
\f@ncyO@elf=\skip68
\f@ncyO@erf=\skip69
\f@ncyO@olf=\skip70
\f@ncyO@orf=\skip71
)
(/usr/local/texlive/2015/texmf-dist/tex/latex/amscls/amsthm.sty
Package: amsthm 2015/03/04 v2.20.2
\thm@style=\toks40
\thm@bodyfont=\toks41
\thm@headfont=\toks42
\thm@notefont=\toks43
\thm@headpunct=\toks44
\thm@preskip=\skip72
\thm@postskip=\skip73
\thm@headsep=\skip74
\dth@everypar=\toks45
)
\c@thm=\count161
 (./rapport.aux)
\openout1 = `rapport.aux'.

LaTeX Font Info:    Checking defaults for OML/cmm/m/it on input line 84.
LaTeX Font Info:    ... okay on input line 84.
LaTeX Font Info:    Checking defaults for T1/cmr/m/n on input line 84.
LaTeX Font Info:    ... okay on input line 84.
LaTeX Font Info:    Checking defaults for OT1/cmr/m/n on input line 84.
LaTeX Font Info:    ... okay on input line 84.
LaTeX Font Info:    Checking defaults for OMS/cmsy/m/n on input line 84.
LaTeX Font Info:    ... okay on input line 84.
LaTeX Font Info:    Checking defaults for OMX/cmex/m/n on input line 84.
LaTeX Font Info:    ... okay on input line 84.
LaTeX Font Info:    Checking defaults for U/cmr/m/n on input line 84.
LaTeX Font Info:    ... okay on input line 84.
LaTeX Font Info:    Checking defaults for PD1/pdf/m/n on input line 84.
LaTeX Font Info:    ... okay on input line 84.
 ABD: EveryShipout initializing macros
(/usr/local/texlive/2015/texmf-dist/tex/context/base/supp-pdf.mkii
[Loading MPS to PDF converter (version 2006.09.02).]
\scratchcounter=\count162
\scratchdimen=\dimen198
\scratchbox=\box45
\nofMPsegments=\count163
\nofMParguments=\count164
\everyMPshowfont=\toks46
\MPscratchCnt=\count165
\MPscratchDim=\dimen199
\MPnumerator=\count166
\makeMPintoPDFobject=\count167
\everyMPtoPDFconversion=\toks47
) (/usr/local/texlive/2015/texmf-dist/tex/latex/oberdiek/epstopdf-base.sty
Package: epstopdf-base 2010/02/09 v2.5 Base part for package epstopdf

(/usr/local/texlive/2015/texmf-dist/tex/latex/oberdiek/grfext.sty
Package: grfext 2010/08/19 v1.1 Manage graphics extensions (HO)
)
Package grfext Info: Graphics extension search list:
(grfext)             [.png,.pdf,.jpg,.mps,.jpeg,.jbig2,.jb2,.PNG,.PDF,.JPG,.JPE
G,.JBIG2,.JB2,.eps]
(grfext)             \AppendGraphicsExtensions on input line 452.

(/usr/local/texlive/2015/texmf-dist/tex/latex/latexconfig/epstopdf-sys.cfg
File: epstopdf-sys.cfg 2010/07/13 v1.3 Configuration of (r)epstopdf for TeX Liv
e
))
\c@lstlisting=\count168
Package caption Info: Begin \AtBeginDocument code.
Package caption Info: subfig package v1.3 is loaded.
Package caption Info: hyperref package is loaded.
Package caption Info: End \AtBeginDocument code.
\AtBeginShipoutBox=\box46
LaTeX Info: Redefining \degres on input line 84.
LaTeX Info: Redefining \dots on input line 84.
LaTeX Info: Redefining \up on input line 84.
LaTeX Font Info:    Try loading font information for U+msa on input line 84.

(/usr/local/texlive/2015/texmf-dist/tex/latex/amsfonts/umsa.fd
File: umsa.fd 2013/01/14 v3.01 AMS symbols A
)
LaTeX Font Info:    Try loading font information for U+msb on input line 84.

(/usr/local/texlive/2015/texmf-dist/tex/latex/amsfonts/umsb.fd
File: umsb.fd 2013/01/14 v3.01 AMS symbols B
)
Package hyperref Info: Link coloring ON on input line 84.

(/usr/local/texlive/2015/texmf-dist/tex/latex/hyperref/nameref.sty
Package: nameref 2012/10/27 v2.43 Cross-referencing by name of section

(/usr/local/texlive/2015/texmf-dist/tex/generic/oberdiek/gettitlestring.sty
Package: gettitlestring 2010/12/03 v1.4 Cleanup title references (HO)
)
\c@section@level=\count169
)
LaTeX Info: Redefining \ref on input line 84.
LaTeX Info: Redefining \pageref on input line 84.
LaTeX Info: Redefining \nameref on input line 84.

(./rapport.out) (./rapport.out)
\@outlinefile=\write5
\openout5 = `rapport.out'.



LaTeX Warning: File `images/logoens.eps' not found on input line 92.

Package epstopdf Info: Source file: <images/logoens.eps>
(epstopdf)             Output file: <images/logoens-eps-converted-to.pdf>
(epstopdf)                    date: 2017-05-25 22:40:46
(epstopdf)                    size: 4077 bytes
(epstopdf)             Command: <epstopdf --outfile=images/logoens-eps-converte
d-to.pdf images/logoens.eps>
(epstopdf)             \includegraphics on input line 92.
Package epstopdf Info: Output file is already uptodate.
<images/logoens-eps-converted-to.pdf, id=83, 263.98625pt x 97.36375pt>
File: images/logoens-eps-converted-to.pdf Graphic file (type pdf)

<use images/logoens-eps-converted-to.pdf>
Package pdftex.def Info: images/logoens-eps-converted-to.pdf used on input line
 92.
(pdftex.def)             Requested size: 154.28833pt x 56.9055pt.


LaTeX Warning: File `images/logoucbl.eps' not found on input line 92.

Package epstopdf Info: Source file: <images/logoucbl.eps>
(epstopdf)             Output file: <images/logoucbl-eps-converted-to.pdf>
(epstopdf)                    date: 2017-05-25 22:40:46
(epstopdf)                    size: 25560 bytes
(epstopdf)             Command: <epstopdf --outfile=images/logoucbl-eps-convert
ed-to.pdf images/logoucbl.eps>
(epstopdf)             \includegraphics on input line 92.
Package epstopdf Info: Output file is already uptodate.
<images/logoucbl-eps-converted-to.pdf, id=84, 185.69376pt x 134.5025pt>
File: images/logoucbl-eps-converted-to.pdf Graphic file (type pdf)

<use images/logoucbl-eps-converted-to.pdf>
Package pdftex.def Info: images/logoucbl-eps-converted-to.pdf used on input lin
e 92.
(pdftex.def)             Requested size: 78.5632pt x 56.9055pt.


LaTeX Warning: File `images/logounivlyon.eps' not found on input line 92.

Package epstopdf Info: Source file: <images/logounivlyon.eps>
(epstopdf)             Output file: <images/logounivlyon-eps-converted-to.pdf>
(epstopdf)                    date: 2017-05-25 22:40:46
(epstopdf)                    size: 4517 bytes
(epstopdf)             Command: <epstopdf --outfile=images/logounivlyon-eps-con
verted-to.pdf images/logounivlyon.eps>
(epstopdf)             \includegraphics on input line 92.
Package epstopdf Info: Output file is already uptodate.
<images/logounivlyon-eps-converted-to.pdf, id=85, 301.125pt x 135.50626pt>
File: images/logounivlyon-eps-converted-to.pdf Graphic file (type pdf)

<use images/logounivlyon-eps-converted-to.pdf>
Package pdftex.def Info: images/logounivlyon-eps-converted-to.pdf used on input
 line 92.
(pdftex.def)             Requested size: 126.45784pt x 56.9055pt.

(/usr/local/texlive/2015/texmf-dist/tex/latex/base/t1cmtt.fd)
Package epstopdf Info: Source file: <images/icon.eps>
(epstopdf)                    date: 2017-05-25 22:40:46
(epstopdf)                    size: 4714 bytes
(epstopdf)             Output file: <images/icon-eps-converted-to.pdf>
(epstopdf)                    date: 2017-05-25 22:40:46
(epstopdf)                    size: 3280 bytes
(epstopdf)             Command: <epstopdf --outfile=images/icon-eps-converted-t
o.pdf images/icon.eps>
(epstopdf)             \includegraphics on input line 114.
Package epstopdf Info: Output file is already uptodate.

<images/icon-eps-converted-to.pdf, id=89, 114.4275pt x 115.43124pt>
File: images/icon-eps-converted-to.pdf Graphic file (type pdf)

<use images/icon-eps-converted-to.pdf>
Package pdftex.def Info: images/icon-eps-converted-to.pdf used on input line 11
4.
(pdftex.def)             Requested size: 80.0987pt x 80.80132pt.

<images/logo-hcl-plein_2995-bleu.jpg, id=90, 98.0463pt x 61.6704pt>
File: images/logo-hcl-plein_2995-bleu.jpg Graphic file (type jpg)

<use images/logo-hcl-plein_2995-bleu.jpg>
Package pdftex.def Info: images/logo-hcl-plein_2995-bleu.jpg used on input line
 140.
(pdftex.def)             Requested size: 23.53159pt x 14.8012pt.

<images/ARS-Auvergne-Rhone-Alpes.jpg, id=91, 702.625pt x 405.515pt>
File: images/ARS-Auvergne-Rhone-Alpes.jpg Graphic file (type jpg)

<use images/ARS-Auvergne-Rhone-Alpes.jpg>
Package pdftex.def Info: images/ARS-Auvergne-Rhone-Alpes.jpg used on input line
 140.
(pdftex.def)             Requested size: 105.38919pt x 60.82462pt.
 [1
Non-PDF special ignored!

{/usr/local/texlive/2015/texmf-var/fonts/map/pdftex/updmap/pdftex.map} <./image
s/logoens-eps-converted-to.pdf> <./images/logoucbl-eps-converted-to.pdf> <./ima
ges/logounivlyon-eps-converted-to.pdf> <./images/icon-eps-converted-to.pdf> <./
images/logo-hcl-plein_2995-bleu.jpg> <./images/ARS-Auvergne-Rhone-Alpes.jpg>] [
2] (./rapport.toc)
\tf@toc=\write6
\openout6 = `rapport.toc'.

 [3]
<images/electroencephalogramme.jpg, id=156, 405.515pt x 602.25pt>
File: images/electroencephalogramme.jpg Graphic file (type jpg)

<use images/electroencephalogramme.jpg>
Package pdftex.def Info: images/electroencephalogramme.jpg used on input line 2
02.
(pdftex.def)             Requested size: 121.65543pt x 180.67639pt.
 [4]
<images/OpenBCI.jpg, id=173, 2055.68pt x 2052.66875pt>
File: images/OpenBCI.jpg Graphic file (type jpg)

<use images/OpenBCI.jpg>
Package pdftex.def Info: images/OpenBCI.jpg used on input line 242.
(pdftex.def)             Requested size: 102.79001pt x 102.63945pt.


LaTeX Warning: `!h' float specifier changed to `!ht'.

[5 <./images/electroencephalogramme.jpg>]
<images/1020.png, id=191, 468.75125pt x 407.5225pt>
File: images/1020.png Graphic file (type png)
 <use images/1020.png>
Package pdftex.def Info: images/1020.png used on input line 259.
(pdftex.def)             Requested size: 187.49716pt x 163.0061pt.

<images/eeghackerAlpha.png, id=192, 542.025pt x 226.9278pt>
File: images/eeghackerAlpha.png Graphic file (type png)

<use images/eeghackerAlpha.png>
Package pdftex.def Info: images/eeghackerAlpha.png used on input line 274.
(pdftex.def)             Requested size: 271.01183pt x 113.46361pt.


LaTeX Warning: `!h' float specifier changed to `!ht'.

<images/ourAlpha.png, id=194, 380.42125pt x 266.9975pt>
File: images/ourAlpha.png Graphic file (type png)

<use images/ourAlpha.png>
Package pdftex.def Info: images/ourAlpha.png used on input line 280.
(pdftex.def)             Requested size: 190.21014pt x 133.49841pt.


LaTeX Warning: `!h' float specifier changed to `!ht'.

[6 <./images/OpenBCI.jpg> <./images/1020.png>] [7 <./images/eeghackerAlpha.png>
 <./images/ourAlpha.png>]
Underfull \hbox (badness 10000) in paragraph at lines 304--305

 []

<schema_algo.png, id=217, 714.67pt x 155.58125pt>
File: schema_algo.png Graphic file (type png)
 <use schema_algo.png>
Package pdftex.def Info: schema_algo.png used on input line 320.
(pdftex.def)             Requested size: 455.24408pt x 99.10635pt.

[8 <./schema_algo.png>]
Underfull \hbox (badness 10000) in paragraph at lines 334--336

 []

[9] <images/schemaEtudePilote.jpg, id=243, 2605.735pt x 1019.81pt>
File: images/schemaEtudePilote.jpg Graphic file (type jpg)

<use images/schemaEtudePilote.jpg>
Package pdftex.def Info: images/schemaEtudePilote.jpg used on input line 367.
(pdftex.def)             Requested size: 455.24408pt x 178.1582pt.
 [10 <./images/schemaEtudePilote.jpg>]
[11] [12] <images/grapheIntervenants.png, id=271, 804.00375pt x 582.175pt>
File: images/grapheIntervenants.png Graphic file (type png)

<use images/grapheIntervenants.png>
Package pdftex.def Info: images/grapheIntervenants.png used on input line 413.
(pdftex.def)             Requested size: 466.62502pt x 337.87494pt.

Underfull \hbox (badness 10000) in paragraph at lines 418--419

 []


Underfull \hbox (badness 10000) in paragraph at lines 420--421

 []


Underfull \hbox (badness 10000) in paragraph at lines 422--423

 []


Underfull \hbox (badness 10000) in paragraph at lines 424--425

 []

[13 <./images/grapheIntervenants.png>]
Underfull \hbox (badness 10000) in paragraph at lines 426--427

 []


Underfull \hbox (badness 10000) in paragraph at lines 428--429

 []


Underfull \hbox (badness 10000) in paragraph at lines 430--431

 []


Underfull \hbox (badness 10000) in paragraph at lines 432--433

 []


Underfull \hbox (badness 10000) in paragraph at lines 434--435

 []


Underfull \hbox (badness 10000) in paragraph at lines 436--437

 []


Underfull \hbox (badness 10000) in paragraph at lines 438--439

 []


Underfull \hbox (badness 10000) in paragraph at lines 440--441

 []


Underfull \hbox (badness 10000) in paragraph at lines 442--443

 []


Underfull \hbox (badness 10000) in paragraph at lines 444--445

 []


Underfull \hbox (badness 10000) in paragraph at lines 446--447

 []


Underfull \hbox (badness 10000) in paragraph at lines 448--449

 []


Underfull \hbox (badness 10000) in paragraph at lines 450--451

 []

[14]
Underfull \hbox (badness 10000) in paragraph at lines 452--453

 []


Underfull \hbox (badness 10000) in paragraph at lines 454--455

 []

<comparison.pdf, id=285, 597.50829pt x 845.0471pt>
File: comparison.pdf Graphic file (type pdf)
 <use comparison.pdf>
Package pdftex.def Info: comparison.pdf used on input line 463.
(pdftex.def)             Requested size: 597.50682pt x 845.04504pt.
File: comparison.pdf Graphic file (type pdf)

<use comparison.pdf>
Package pdftex.def Info: comparison.pdf used on input line 463.
(pdftex.def)             Requested size: 597.50682pt x 845.04504pt.

<comparison.pdf, id=288, page=1, 597.50829pt x 845.0471pt>
File: comparison.pdf Graphic file (type pdf)

<use comparison.pdf, page 1>
Package pdftex.def Info: comparison.pdf, page1 used on input line 463.
(pdftex.def)             Requested size: 597.50682pt x 845.04504pt.
File: comparison.pdf Graphic file (type pdf)
 <use comparison.pdf, page 1>
Package pdftex.def Info: comparison.pdf, page1 used on input line 463.
(pdftex.def)             Requested size: 597.53416pt x 845.08372pt.
File: comparison.pdf Graphic file (type pdf)

<use comparison.pdf, page 1>
Package pdftex.def Info: comparison.pdf, page1 used on input line 463.
(pdftex.def)             Requested size: 597.53416pt x 845.08372pt.
File: comparison.pdf Graphic file (type pdf)
 <use comparison.pdf, page 1>
Package pdftex.def Info: comparison.pdf, page1 used on input line 463.
(pdftex.def)             Requested size: 597.53416pt x 845.08372pt.
 [15]
<comparison.pdf, id=295, page=2, 597.50829pt x 845.0471pt>
File: comparison.pdf Graphic file (type pdf)

<use comparison.pdf, page 2>
Package pdftex.def Info: comparison.pdf, page2 used on input line 463.
(pdftex.def)             Requested size: 597.53416pt x 845.08372pt.
File: comparison.pdf Graphic file (type pdf)
 <use comparison.pdf, page 2>
Package pdftex.def Info: comparison.pdf, page2 used on input line 463.
(pdftex.def)             Requested size: 597.53416pt x 845.08372pt.
File: comparison.pdf Graphic file (type pdf)

<use comparison.pdf, page 1>
Package pdftex.def Info: comparison.pdf, page1 used on input line 463.
(pdftex.def)             Requested size: 597.53416pt x 845.08372pt.
 [16 <./comparison.pdf>]
<comparison.pdf, id=322, page=3, 597.50829pt x 845.0471pt>
File: comparison.pdf Graphic file (type pdf)

<use comparison.pdf, page 3>
Package pdftex.def Info: comparison.pdf, page3 used on input line 463.
(pdftex.def)             Requested size: 597.53416pt x 845.08372pt.
File: comparison.pdf Graphic file (type pdf)
 <use comparison.pdf, page 3>
Package pdftex.def Info: comparison.pdf, page3 used on input line 463.
(pdftex.def)             Requested size: 597.53416pt x 845.08372pt.
File: comparison.pdf Graphic file (type pdf)

<use comparison.pdf, page 2>
Package pdftex.def Info: comparison.pdf, page2 used on input line 463.
(pdftex.def)             Requested size: 597.53416pt x 845.08372pt.
 [17 <./comparison.pdf>]
<comparison.pdf, id=334, page=4, 597.50829pt x 845.0471pt>
File: comparison.pdf Graphic file (type pdf)

<use comparison.pdf, page 4>
Package pdftex.def Info: comparison.pdf, page4 used on input line 463.
(pdftex.def)             Requested size: 597.53416pt x 845.08372pt.
File: comparison.pdf Graphic file (type pdf)
 <use comparison.pdf, page 4>
Package pdftex.def Info: comparison.pdf, page4 used on input line 463.
(pdftex.def)             Requested size: 597.53416pt x 845.08372pt.
File: comparison.pdf Graphic file (type pdf)

<use comparison.pdf, page 3>
Package pdftex.def Info: comparison.pdf, page3 used on input line 463.
(pdftex.def)             Requested size: 597.53416pt x 845.08372pt.
 [18 <./comparison.pdf>]
<comparison.pdf, id=348, page=5, 597.50829pt x 845.0471pt>
File: comparison.pdf Graphic file (type pdf)

<use comparison.pdf, page 5>
Package pdftex.def Info: comparison.pdf, page5 used on input line 463.
(pdftex.def)             Requested size: 597.53416pt x 845.08372pt.
File: comparison.pdf Graphic file (type pdf)
 <use comparison.pdf, page 5>
Package pdftex.def Info: comparison.pdf, page5 used on input line 463.
(pdftex.def)             Requested size: 597.53416pt x 845.08372pt.
File: comparison.pdf Graphic file (type pdf)

<use comparison.pdf, page 4>
Package pdftex.def Info: comparison.pdf, page4 used on input line 463.
(pdftex.def)             Requested size: 597.53416pt x 845.08372pt.
 [19 <./comparison.pdf>]
File: comparison.pdf Graphic file (type pdf)

<use comparison.pdf, page 5>
Package pdftex.def Info: comparison.pdf, page5 used on input line 463.
(pdftex.def)             Requested size: 597.53416pt x 845.08372pt.
 [20 <./comparison.pdf>]
<tutoriel.pdf, id=367, 597.50829pt x 845.0471pt>
File: tutoriel.pdf Graphic file (type pdf)
 <use tutoriel.pdf>
Package pdftex.def Info: tutoriel.pdf used on input line 464.
(pdftex.def)             Requested size: 597.50682pt x 845.04504pt.
File: tutoriel.pdf Graphic file (type pdf)

<use tutoriel.pdf>
Package pdftex.def Info: tutoriel.pdf used on input line 464.
(pdftex.def)             Requested size: 597.50682pt x 845.04504pt.
 <tutoriel.pdf, id=370, page=1, 597.50829pt x 845.0471pt>
File: tutoriel.pdf Graphic file (type pdf)

<use tutoriel.pdf, page 1>
Package pdftex.def Info: tutoriel.pdf, page1 used on input line 464.
(pdftex.def)             Requested size: 597.50682pt x 845.04504pt.
File: tutoriel.pdf Graphic file (type pdf)
 <use tutoriel.pdf, page 1>
Package pdftex.def Info: tutoriel.pdf, page1 used on input line 464.
(pdftex.def)             Requested size: 597.53416pt x 845.08372pt.
File: tutoriel.pdf Graphic file (type pdf)

<use tutoriel.pdf, page 1>
Package pdftex.def Info: tutoriel.pdf, page1 used on input line 464.
(pdftex.def)             Requested size: 597.53416pt x 845.08372pt.
File: tutoriel.pdf Graphic file (type pdf)
 <use tutoriel.pdf, page 1>
Package pdftex.def Info: tutoriel.pdf, page1 used on input line 464.
(pdftex.def)             Requested size: 597.53416pt x 845.08372pt.

<tutoriel.pdf, id=371, page=2, 597.50829pt x 845.0471pt>
File: tutoriel.pdf Graphic file (type pdf)

<use tutoriel.pdf, page 2>
Package pdftex.def Info: tutoriel.pdf, page2 used on input line 464.
(pdftex.def)             Requested size: 597.53416pt x 845.08372pt.
File: tutoriel.pdf Graphic file (type pdf)
 <use tutoriel.pdf, page 2>
Package pdftex.def Info: tutoriel.pdf, page2 used on input line 464.
(pdftex.def)             Requested size: 597.53416pt x 845.08372pt.
File: tutoriel.pdf Graphic file (type pdf)

<use tutoriel.pdf, page 1>
Package pdftex.def Info: tutoriel.pdf, page1 used on input line 464.
(pdftex.def)             Requested size: 597.53416pt x 845.08372pt.
 [21 <./tutoriel.pdf>]
<tutoriel.pdf, id=403, page=3, 597.50829pt x 845.0471pt>
File: tutoriel.pdf Graphic file (type pdf)

<use tutoriel.pdf, page 3>
Package pdftex.def Info: tutoriel.pdf, page3 used on input line 464.
(pdftex.def)             Requested size: 597.53416pt x 845.08372pt.
File: tutoriel.pdf Graphic file (type pdf)
 <use tutoriel.pdf, page 3>
Package pdftex.def Info: tutoriel.pdf, page3 used on input line 464.
(pdftex.def)             Requested size: 597.53416pt x 845.08372pt.
File: tutoriel.pdf Graphic file (type pdf)

<use tutoriel.pdf, page 2>
Package pdftex.def Info: tutoriel.pdf, page2 used on input line 464.
(pdftex.def)             Requested size: 597.53416pt x 845.08372pt.
 [22 <./tutoriel.pdf>]
File: tutoriel.pdf Graphic file (type pdf)
 <use tutoriel.pdf, page 3>
Package pdftex.def Info: tutoriel.pdf, page3 used on input line 464.
(pdftex.def)             Requested size: 597.53416pt x 845.08372pt.

[23 <./tutoriel.pdf>]
Package atveryend Info: Empty hook `BeforeClearDocument' on input line 465.
Package atveryend Info: Empty hook `AfterLastShipout' on input line 465.
 (./rapport.aux)
Package atveryend Info: Executing hook `AtVeryEndDocument' on input line 465.
Package atveryend Info: Executing hook `AtEndAfterFileList' on input line 465.
Package rerunfilecheck Info: File `rapport.out' has not changed.
(rerunfilecheck)             Checksum: 577B134F311508B314C361DBAC53FCBF;1248.
Package atveryend Info: Empty hook `AtVeryVeryEnd' on input line 465.
 ) 
Here is how much of TeX's memory you used:
 22304 strings out of 493089
 410329 string characters out of 6134842
 468969 words of memory out of 5000000
 25244 multiletter control sequences out of 15000+600000
 20570 words of font info for 54 fonts, out of 8000000 for 9000
 1141 hyphenation exceptions out of 8191
 55i,18n,69p,1065b,536s stack positions out of 5000i,500n,10000p,200000b,80000s
{/usr/local/texlive/2015/texmf-dist/fonts/enc/dvips/cm-super/cm-super-t1.enc}
</usr/local/texlive/2015/texmf-dist/fonts/type1/public/amsfonts/cm/cmmi10.pfb><
/usr/local/texlive/2015/texmf-dist/fonts/type1/public/amsfonts/cm/cmr10.pfb></u
sr/local/texlive/2015/texmf-dist/fonts/type1/public/amsfonts/cm/cmr8.pfb></usr/
local/texlive/2015/texmf-dist/fonts/type1/public/amsfonts/cm/cmsy10.pfb></usr/l
ocal/texlive/2015/texmf-dist/fonts/type1/public/eurosym/feymr10.pfb></usr/local
/texlive/2015/texmf-dist/fonts/type1/public/fpl/fplrc8a.pfb></usr/local/texlive
/2015/texmf-dist/fonts/type1/public/lm/lmbx10.pfb></usr/local/texlive/2015/texm
f-dist/fonts/type1/public/lm/lmbx12.pfb></usr/local/texlive/2015/texmf-dist/fon
ts/type1/public/lm/lmr10.pfb></usr/local/texlive/2015/texmf-dist/fonts/type1/pu
blic/lm/lmri10.pfb></usr/local/texlive/2015/texmf-dist/fonts/type1/public/lm/lm
ri12.pfb></usr/local/texlive/2015/texmf-dist/fonts/type1/public/lm/lmtt10.pfb><
/usr/local/texlive/2015/texmf-dist/fonts/type1/public/cm-super/sfbx1000.pfb></u
sr/local/texlive/2015/texmf-dist/fonts/type1/public/cm-super/sfbx1095.pfb></usr
/local/texlive/2015/texmf-dist/fonts/type1/public/cm-super/sfbx1200.pfb></usr/l
ocal/texlive/2015/texmf-dist/fonts/type1/public/cm-super/sfbx1440.pfb></usr/loc
al/texlive/2015/texmf-dist/fonts/type1/public/cm-super/sfbx2074.pfb></usr/local
/texlive/2015/texmf-dist/fonts/type1/public/cm-super/sfcc0800.pfb></usr/local/t
exlive/2015/texmf-dist/fonts/type1/public/cm-super/sfcc1095.pfb></usr/local/tex
live/2015/texmf-dist/fonts/type1/public/cm-super/sfrm1000.pfb></usr/local/texli
ve/2015/texmf-dist/fonts/type1/public/cm-super/sfrm1095.pfb></usr/local/texlive
/2015/texmf-dist/fonts/type1/public/cm-super/sfti1000.pfb></usr/local/texlive/2
015/texmf-dist/fonts/type1/public/cm-super/sfti1095.pfb></usr/local/texlive/201
5/texmf-dist/fonts/type1/public/cm-super/sftt1095.pfb></usr/local/texlive/2015/
texmf-dist/fonts/type1/urw/palatino/uplb8a.pfb></usr/local/texlive/2015/texmf-d
ist/fonts/type1/urw/palatino/uplr8a.pfb></usr/local/texlive/2015/texmf-dist/fon
ts/type1/urw/palatino/uplri8a.pfb>
Output written on rapport.pdf (23 pages, 2120417 bytes).
PDF statistics:
 512 PDF objects out of 1000 (max. 8388607)
 392 compressed objects within 4 object streams
 102 named destinations out of 1000 (max. 500000)
 305 words of extra memory for PDF output out of 10000 (max. 10000000)

