\BOOKMARK [1][-]{section.1}{Introduction}{}% 1
\BOOKMARK [1][-]{section.2}{Gen\350se du projet}{}% 2
\BOOKMARK [2][-]{subsection.2.1}{Interface cerveau machine}{section.2}% 3
\BOOKMARK [3][-]{subsubsection.2.1.1}{Casque EEG}{subsection.2.1}% 4
\BOOKMARK [3][-]{subsubsection.2.1.2}{Paradigme Alpha}{subsection.2.1}% 5
\BOOKMARK [3][-]{subsubsection.2.1.3}{Paradigme SSVEP}{subsection.2.1}% 6
\BOOKMARK [3][-]{subsubsection.2.1.4}{Conclusions}{subsection.2.1}% 7
\BOOKMARK [2][-]{subsection.2.2}{Akinator}{section.2}% 8
\BOOKMARK [1][-]{section.3}{La solution Dicotomix}{}% 9
\BOOKMARK [2][-]{subsection.3.1}{L'algorithme Dicotomix}{section.3}% 10
\BOOKMARK [2][-]{subsection.3.2}{Le logiciel}{section.3}% 11
\BOOKMARK [1][-]{section.4}{L'\351tude pilote}{}% 12
\BOOKMARK [2][-]{subsection.4.1}{Le cadre}{section.4}% 13
\BOOKMARK [2][-]{subsection.4.2}{La m\351thodologie}{section.4}% 14
\BOOKMARK [2][-]{subsection.4.3}{La r\351alisation}{section.4}% 15
\BOOKMARK [1][-]{section.5}{Conclusion}{}% 16
\BOOKMARK [1][-]{appendix.A}{Intervenants ext\351rieurs et chronologie d\351taill\351e}{}% 17
\BOOKMARK [2][-]{subsection.A.1}{Graphe des intervenants}{appendix.A}% 18
\BOOKMARK [2][-]{subsection.A.2}{Chronologie d\351taill\351e}{appendix.A}% 19
\BOOKMARK [1][-]{appendix.B}{\311tude comparative de la solution Dicotomix}{}% 20
\BOOKMARK [1][-]{appendix.C}{Tutoriel d'utilisation de Dicotomix}{}% 21
